[debug] [2022-09-06T18:50:00.515Z] ----------------------------------------------------------------------
[debug] [2022-09-06T18:50:00.517Z] Command:       /usr/local/bin/node /usr/local/bin/firebase init
[debug] [2022-09-06T18:50:00.517Z] CLI Version:   10.9.2
[debug] [2022-09-06T18:50:00.517Z] Platform:      darwin
[debug] [2022-09-06T18:50:00.517Z] Node Version:  v14.16.0
[debug] [2022-09-06T18:50:00.520Z] Time:          Wed Sep 07 2022 00:50:00 GMT+0600 (Bangladesh Standard Time)
[debug] [2022-09-06T18:50:00.521Z] ----------------------------------------------------------------------
[debug] 
[debug] [2022-09-06T18:50:00.523Z] >>> [apiv2][query] GET https://firebase-public.firebaseio.com/cli.json [none]
[debug] [2022-09-06T18:50:00.552Z] > command requires scopes: ["email","openid","https://www.googleapis.com/auth/cloudplatformprojects.readonly","https://www.googleapis.com/auth/firebase","https://www.googleapis.com/auth/cloud-platform"]
[debug] [2022-09-06T18:50:00.552Z] > authorizing via signed-in user (rakibul02107089@gmail.com)
[info] 
     ######## #### ########  ######## ########     ###     ######  ########
     ##        ##  ##     ## ##       ##     ##  ##   ##  ##       ##
     ######    ##  ########  ######   ########  #########  ######  ######
     ##        ##  ##    ##  ##       ##     ## ##     ##       ## ##
     ##       #### ##     ## ######## ########  ##     ##  ######  ########

You're about to initialize a Firebase project in this directory:

  /Users/rakib/Documents/Learn-react/ema-john-with-router

[debug] [2022-09-06T18:50:01.276Z] <<< [apiv2][status] GET https://firebase-public.firebaseio.com/cli.json 200
[debug] [2022-09-06T18:50:01.276Z] <<< [apiv2][body] GET https://firebase-public.firebaseio.com/cli.json {"cloudBuildErrorAfter":1594252800000,"cloudBuildWarnAfter":1590019200000,"defaultNode10After":1594252800000,"minVersion":"3.0.5","node8DeploysDisabledAfter":1613390400000,"node8RuntimeDisabledAfter":1615809600000,"node8WarnAfter":1600128000000}
